(0000) 3000  0011000000000000 (   3)                 .ORIG x3000
(3000) 2003  0010000000000011 (   8) MAIN            LD    R0 TESTADDR
(3001) 4000  0100000000000000 (   9)                 JSRR  R0
(3002) 2002  0010000000000010 (  21)                 LD    R0 STOPADDR
(3003) 4000  0100000000000000 (  22)                 JSRR  R0
(3004) 30B7  0011000010110111 (  24) TESTADDR        .FILL x30B7
(3005) 31CB  0011000111001011 (  25) STOPADDR        .FILL x31CB
(3006) 907F  1001000001111111 (  35) NEG             NOT   R0 R1
(3007) 1021  0001000000100001 (  36)                 ADD   R0 R0 #1
(3008) C1C0  1100000111000000 (  37)                 RET   
(3009) 1042  0001000001000010 (  45) PLUS            ADD   R0 R1 R2
(300A) C1C0  1100000111000000 (  46)                 RET   
(300B) 90BF  1001000010111111 (  57) SUB             NOT   R0 R2
(300C) 1021  0001000000100001 (  58)                 ADD   R0 R0 #1
(300D) 1001  0001000000000001 (  59)                 ADD   R0 R0 R1
(300E) C1C0  1100000111000000 (  61)                 RET   
(300F) 3216  0011001000010110 (  70) MULT            ST    R1 Register1M
(3010) 3416  0011010000010110 (  71)                 ST    R2 Register2M
(3011) 14A0  0001010010100000 (  73) STMULT          ADD   R2 R2 #0
(3012) 0605  0000011000000101 (  74)                 BRZP  MINIT
(3013) 927F  1001001001111111 (  76)                 NOT   R1 R1
(3014) 1261  0001001001100001 (  77)                 ADD   R1 R1 #1
(3015) 94BF  1001010010111111 (  78)                 NOT   R2 R2
(3016) 14A1  0001010010100001 (  79)                 ADD   R2 R2 #1
(3017) 0E00  0000111000000000 (  80)                 BRNZP MINIT
(3018) 5020  0101000000100000 (  82) MINIT           AND   R0 R0 #0
(3019) 14A0  0001010010100000 (  83)                 ADD   R2 R2 #0
(301A) 0405  0000010000000101 (  84)                 BRZ   MRET
(301B) 0E00  0000111000000000 (  85)                 BRNZP MLOOP
(301C) 1001  0001000000000001 (  87) MLOOP           ADD   R0 R0 R1
(301D) 14BF  0001010010111111 (  88)                 ADD   R2 R2 #-1
(301E) 03FD  0000001111111101 (  89)                 BRP   MLOOP
(301F) 0400  0000010000000000 (  90)                 BRZ   MRET
(3020) 5260  0101001001100000 (  92) MRET            AND   R1 R1 #0
(3021) 54A0  0101010010100000 (  93)                 AND   R2 R2 #0
(3022) 2203  0010001000000011 (  94)                 LD    R1 Register1M
(3023) 2403  0010010000000011 (  95)                 LD    R2 Register2M
(3024) C1C0  1100000111000000 (  96)                 RET   
(3025) C1C0  1100000111000000 ( 100)                 RET   
(3026) 0000  0000000000000000 ( 106) Register1M      .FILL x0000
(3027) 0000  0000000000000000 ( 107) Register2M      .FILL x0000
(3028) 5020  0101000000100000 ( 118) DIV             AND   R0 R0 #0
(3029) 14A0  0001010010100000 ( 119)                 ADD   R2 R2 #0
(302A) 0421  0000010000100001 ( 120)                 BRZ   DERROR
(302B) 3227  0011001000100111 ( 123)                 ST    R1 Register1D
(302C) 3427  0011010000100111 ( 124)                 ST    R2 Register2D
(302D) 3627  0011011000100111 ( 125)                 ST    R3 Register3D
(302E) 56E0  0101011011100000 ( 126)                 AND   R3 R3 #0
(302F) 16FF  0001011011111111 ( 127)                 ADD   R3 R3 #-1
(3030) 1260  0001001001100000 ( 130) DFIXr1          ADD   R1 R1 #0
(3031) 0604  0000011000000100 ( 131)                 BRZP  DFIXr2
(3032) 927F  1001001001111111 ( 132)                 NOT   R1 R1
(3033) 1261  0001001001100001 ( 133)                 ADD   R1 R1 #1
(3034) 96FF  1001011011111111 ( 134)                 NOT   R3 R3
(3035) 16E1  0001011011100001 ( 135)                 ADD   R3 R3 #1
(3036) 14A0  0001010010100000 ( 138) DFIXr2          ADD   R2 R2 #0
(3037) 0804  0000100000000100 ( 139)                 BRN   DLOOP
(3038) 94BF  1001010010111111 ( 140)                 NOT   R2 R2
(3039) 14A1  0001010010100001 ( 141)                 ADD   R2 R2 #1
(303A) 96FF  1001011011111111 ( 142)                 NOT   R3 R3
(303B) 16E1  0001011011100001 ( 143)                 ADD   R3 R3 #1
(303C) 103F  0001000000111111 ( 147) DLOOP           ADD   R0 R0 #-1
(303D) 1242  0001001001000010 ( 148)                 ADD   R1 R1 R2
(303E) 07FD  0000011111111101 ( 150)                 BRZP  DLOOP
(303F) 1021  0001000000100001 ( 152)                 ADD   R0 R0 #1
(3040) 94BF  1001010010111111 ( 153)                 NOT   R2 R2
(3041) 14A1  0001010010100001 ( 154)                 ADD   R2 R2 #1
(3042) 1242  0001001001000010 ( 155)                 ADD   R1 R1 R2
(3043) 3213  0011001000010011 ( 158)                 ST    R1 DMOD
(3044) 16E0  0001011011100000 ( 160)                 ADD   R3 R3 #0
(3045) 0802  0000100000000010 ( 161)                 BRN   DRET
(3046) 903F  1001000000111111 ( 163)                 NOT   R0 R0
(3047) 1021  0001000000100001 ( 164)                 ADD   R0 R0 #1
(3048) 220A  0010001000001010 ( 168) DRET            LD    R1 Register1D
(3049) 240A  0010010000001010 ( 169)                 LD    R2 Register2D
(304A) 260A  0010011000001010 ( 170)                 LD    R3 Register3D
(304B) C1C0  1100000111000000 ( 171)                 RET   
(304C) 3E09  0011111000001001 ( 174) DERROR          ST    R7 DIVr7
(304D) E00A  1110000000001010 ( 175)                 LEA   R0 ErrorM
(304E) F022  1111000000100010 ( 176)                 TRAP  x22
(304F) 2E06  0010111000000110 ( 177)                 LD    R7 DIVr7
(3050) 5020  0101000000100000 ( 178)                 AND   R0 R0 #0
(3051) 3005  0011000000000101 ( 179)                 ST    R0 DMOD
(3052) C1C0  1100000111000000 ( 180)                 RET   
(3053) 0000  0000000000000000 ( 183) Register1D      .FILL x0000
(3054) 0000  0000000000000000 ( 184) Register2D      .FILL x0000
(3055) 0000  0000000000000000 ( 185) Register3D      .FILL x0000
(3056) 0000  0000000000000000 ( 186) DIVr7           .FILL x0000
(3057) 0000  0000000000000000 ( 187) DMOD            .FILL x0000
(3058) 0045  0000000001000101 ( 188) ErrorM          .FILL x0045
(3059) 0072  0000000001110010 ( 188)                 .FILL x0072
(305A) 0072  0000000001110010 ( 188)                 .FILL x0072
(305B) 006F  0000000001101111 ( 188)                 .FILL x006F
(305C) 0072  0000000001110010 ( 188)                 .FILL x0072
(305D) 000A  0000000000001010 ( 188)                 .FILL x000A
(305E) 0000  0000000000000000 ( 188)                 .FILL x0000
(305F) 3E08  0011111000001000 ( 197) MOD             ST    R7 MODr7
(3060) 4FC7  0100111111000111 ( 198)                 JSR   DIV
(3061) 21F5  0010000111110101 ( 199)                 LD    R0 DMOD
(3062) 1260  0001001001100000 ( 200)                 ADD   R1 R1 #0
(3063) 0602  0000011000000010 ( 201)                 BRZP  MFIX
(3064) 903F  1001000000111111 ( 202)                 NOT   R0 R0
(3065) 1021  0001000000100001 ( 203)                 ADD   R0 R0 #1
(3066) 2E01  0010111000000001 ( 205) MFIX            LD    R7 MODr7
(3067) C1C0  1100000111000000 ( 206)                 RET   
(3068) 0000  0000000000000000 ( 210) MODr7           .FILL x0000
(3069) 3023  0011000000100011 ( 220) PRINT           ST    R0 PRINTr0
(306A) 3E23  0011111000100011 ( 221)                 ST    R7 PRINTr7
(306B) 3223  0011001000100011 ( 227)                 ST    R1 Register1P
(306C) 3423  0011010000100011 ( 228)                 ST    R2 Register2P
(306D) E228  1110001000101000 ( 231)                 LEA   R1 Ones
(306E) 3222  0011001000100010 ( 232)                 ST    R1 MemPOINTERP
(306F) 5260  0101001001100000 ( 234)                 AND   R1 R1 #0
(3070) 54A0  0101010010100000 ( 235)                 AND   R2 R2 #0
(3071) 14AA  0001010010101010 ( 236)                 ADD   R2 R2 #10
(3072) 1240  0001001001000000 ( 237)                 ADD   R1 R1 R0
(3073) 0604  0000011000000100 ( 240)                 BRZP  SLOOP
(3074) 2016  0010000000010110 ( 241)                 LD    R0 HYPHEN
(3075) F021  1111000000100001 ( 242)                 TRAP  x21
(3076) 927F  1001001001111111 ( 243)                 NOT   R1 R1
(3077) 1261  0001001001100001 ( 244)                 ADD   R1 R1 #1
(3078) 4FE6  0100111111100110 ( 246) SLOOP           JSR   MOD
(3079) 481F  0100100000011111 ( 247)                 JSR   TODIGIT
(307A) B016  1011000000010110 ( 249)                 STI   R0 MemPOINTERP
(307B) 2015  0010000000010101 ( 251)                 LD    R0 MemPOINTERP
(307C) 103F  0001000000111111 ( 252)                 ADD   R0 R0 #-1
(307D) 3013  0011000000010011 ( 253)                 ST    R0 MemPOINTERP
(307E) 4FA9  0100111110101001 ( 256)                 JSR   DIV
(307F) 5260  0101001001100000 ( 258)                 AND   R1 R1 #0
(3080) 1220  0001001000100000 ( 259)                 ADD   R1 R0 #0
(3081) 03F6  0000001111110110 ( 260)                 BRP   SLOOP
(3082) 200E  0010000000001110 ( 262)                 LD    R0 MemPOINTERP
(3083) 1021  0001000000100001 ( 263)                 ADD   R0 R0 #1
(3084) 300C  0011000000001100 ( 264)                 ST    R0 MemPOINTERP
(3085) F022  1111000000100010 ( 266)                 TRAP  x22
(3086) 2208  0010001000001000 ( 268) PRET            LD    R1 Register1P
(3087) 2408  0010010000001000 ( 269)                 LD    R2 Register2P
(3088) 2004  0010000000000100 ( 273)                 LD    R0 PRINTr0
(3089) 2E04  0010111000000100 ( 274)                 LD    R7 PRINTr7
(308A) C1C0  1100000111000000 ( 275)                 RET   
(308B) 002D  0000000000101101 ( 278) HYPHEN          .FILL x002D
(308C) 000A  0000000000001010 ( 279) NEWLINE         .FILL x000A
(308D) 0000  0000000000000000 ( 280) PRINTr0         .FILL x0000
(308E) 0000  0000000000000000 ( 281) PRINTr7         .FILL x0000
(308F) 0000  0000000000000000 ( 283) Register1P      .FILL x0000
(3090) 0000  0000000000000000 ( 284) Register2P      .FILL x0000
(3091) 0000  0000000000000000 ( 286) MemPOINTERP     .FILL x0000
(3092) 0000  0000000000000000 ( 288) TThous          .FILL x0000
(3093) 0000  0000000000000000 ( 289) Thous           .FILL x0000
(3094) 0000  0000000000000000 ( 290) Hunds           .FILL x0000
(3095) 0000  0000000000000000 ( 291) Tens            .FILL x0000
(3096) 0000  0000000000000000 ( 292) Ones            .FILL x0000
(3097) 000A  0000000000001010 ( 293) NewLine         .FILL x000A
(3098) 0000  0000000000000000 ( 294) Break           .FILL x0000
(3099) 3205  0011001000000101 ( 303) TODIGIT         ST    R1 DIGITr1
(309A) 2203  0010001000000011 ( 304)                 LD    R1 ASCII0
(309B) 1001  0001000000000001 ( 305)                 ADD   R0 R0 R1
(309C) 2202  0010001000000010 ( 306)                 LD    R1 DIGITr1
(309D) C1C0  1100000111000000 ( 307)                 RET   
(309E) 0030  0000000000110000 ( 310) ASCII0          .FILL x0030
(309F) 0000  0000000000000000 ( 311) DIGITr1         .FILL x0000
(30A0) C1C0  1100000111000000 ( 325) POW             RET   
(30A1) 3211  0011001000010001 ( 337) FACT            ST    R1 Register1F
(30A2) 3411  0011010000010001 ( 338)                 ST    R2 Register2F
(30A3) 3E12  0011111000010010 ( 340)                 ST    R7 Register7F
(30A4) 5020  0101000000100000 ( 342)                 AND   R0 R0 #0
(30A5) 54A0  0101010010100000 ( 343)                 AND   R2 R2 #0
(30A6) 1021  0001000000100001 ( 346)                 ADD   R0 R0 #1
(30A7) 147F  0001010001111111 ( 347)                 ADD   R2 R1 #-1
(30A8) 0C06  0000110000000110 ( 348)                 BRNZ  DONE
(30A9) 4F65  0100111101100101 ( 350) FLOOP           JSR   MULT
(30AA) 5260  0101001001100000 ( 351)                 AND   R1 R1 #0
(30AB) 1220  0001001000100000 ( 352)                 ADD   R1 R0 #0
(30AC) 14BF  0001010010111111 ( 353)                 ADD   R2 R2 #-1
(30AD) 03FB  0000001111111011 ( 354)                 BRP   FLOOP
(30AE) 0400  0000010000000000 ( 355)                 BRZ   DONE
(30AF) 2E06  0010111000000110 ( 357) DONE            LD    R7 Register7F
(30B0) 2202  0010001000000010 ( 358)                 LD    R1 Register1F
(30B1) 2402  0010010000000010 ( 359)                 LD    R2 Register2F
(30B2) C1C0  1100000111000000 ( 361)                 RET   
(30B3) 0000  0000000000000000 ( 365) Register1F      .FILL x0000
(30B4) 0000  0000000000000000 ( 366) Register2F      .FILL x0000
(30B5) 0000  0000000000000000 ( 367) Register3F      .FILL x0000
(30B6) 0000  0000000000000000 ( 368) Register7F      .FILL x0000
(30B7) 3E8F  0011111010001111 ( 387) TEST            ST    R7 TESTr7
(30B8) E08F  1110000010001111 ( 389)                 LEA   R0 START
(30B9) F022  1111000000100010 ( 390)                 TRAP  x22
(30BA) E0A9  1110000010101001 ( 393)                 LEA   R0 ADDTEST
(30BB) F022  1111000000100010 ( 394)                 TRAP  x22
(30BC) 24D6  0010010011010110 ( 396)                 LD    R2 ZERO
(30BD) 12A4  0001001010100100 ( 397)                 ADD   R1 R2 #4
(30BE) 14A5  0001010010100101 ( 398)                 ADD   R2 R2 #5
(30BF) 4F49  0100111101001001 ( 399)                 JSR   PLUS
(30C0) 4FA8  0100111110101000 ( 400)                 JSR   PRINT
(30C1) 48D2  0100100011010010 ( 402)                 JSR   PAUSE
(30C2) E0A8  1110000010101000 ( 405)                 LEA   R0 SUBTEST
(30C3) F022  1111000000100010 ( 406)                 TRAP  x22
(30C4) 24CE  0010010011001110 ( 408)                 LD    R2 ZERO
(30C5) 12AC  0001001010101100 ( 409)                 ADD   R1 R2 #12
(30C6) 14A4  0001010010100100 ( 410)                 ADD   R2 R2 #4
(30C7) 4F43  0100111101000011 ( 411)                 JSR   SUB
(30C8) 4FA0  0100111110100000 ( 412)                 JSR   PRINT
(30C9) 24C9  0010010011001001 ( 414)                 LD    R2 ZERO
(30CA) 12B8  0001001010111000 ( 415)                 ADD   R1 R2 #-8
(30CB) 14A5  0001010010100101 ( 416)                 ADD   R2 R2 #5
(30CC) 4F3E  0100111100111110 ( 417)                 JSR   SUB
(30CD) 4F9B  0100111110011011 ( 418)                 JSR   PRINT
(30CE) 24C4  0010010011000100 ( 420)                 LD    R2 ZERO
(30CF) 12AA  0001001010101010 ( 421)                 ADD   R1 R2 #10
(30D0) 14BA  0001010010111010 ( 422)                 ADD   R2 R2 #-6
(30D1) 4F39  0100111100111001 ( 423)                 JSR   SUB
(30D2) 4F96  0100111110010110 ( 424)                 JSR   PRINT
(30D3) 24BF  0010010010111111 ( 426)                 LD    R2 ZERO
(30D4) 12B7  0001001010110111 ( 427)                 ADD   R1 R2 #-9
(30D5) 14BD  0001010010111101 ( 428)                 ADD   R2 R2 #-3
(30D6) 4F34  0100111100110100 ( 429)                 JSR   SUB
(30D7) 4F91  0100111110010001 ( 430)                 JSR   PRINT
(30D8) 48BB  0100100010111011 ( 432)                 JSR   PAUSE
(30D9) E097  1110000010010111 ( 435)                 LEA   R0 MULTEST
(30DA) F022  1111000000100010 ( 436)                 TRAP  x22
(30DB) 24B7  0010010010110111 ( 438)                 LD    R2 ZERO
(30DC) 12A8  0001001010101000 ( 439)                 ADD   R1 R2 #8
(30DD) 14A3  0001010010100011 ( 440)                 ADD   R2 R2 #3
(30DE) 4F30  0100111100110000 ( 441)                 JSR   MULT
(30DF) 4F89  0100111110001001 ( 442)                 JSR   PRINT
(30E0) 24B2  0010010010110010 ( 444)                 LD    R2 ZERO
(30E1) 12A4  0001001010100100 ( 445)                 ADD   R1 R2 #4
(30E2) 14BD  0001010010111101 ( 446)                 ADD   R2 R2 #-3
(30E3) 4F2B  0100111100101011 ( 447)                 JSR   MULT
(30E4) 4F84  0100111110000100 ( 448)                 JSR   PRINT
(30E5) 24AD  0010010010101101 ( 450)                 LD    R2 ZERO
(30E6) 12BE  0001001010111110 ( 451)                 ADD   R1 R2 #-2
(30E7) 14A5  0001010010100101 ( 452)                 ADD   R2 R2 #5
(30E8) 4F26  0100111100100110 ( 453)                 JSR   MULT
(30E9) 4F7F  0100111101111111 ( 454)                 JSR   PRINT
(30EA) 24A8  0010010010101000 ( 456)                 LD    R2 ZERO
(30EB) 12BB  0001001010111011 ( 457)                 ADD   R1 R2 #-5
(30EC) 14BA  0001010010111010 ( 458)                 ADD   R2 R2 #-6
(30ED) 4F21  0100111100100001 ( 459)                 JSR   MULT
(30EE) 4F7A  0100111101111010 ( 460)                 JSR   PRINT
(30EF) 24A3  0010010010100011 ( 462)                 LD    R2 ZERO
(30F0) 12A0  0001001010100000 ( 463)                 ADD   R1 R2 #0
(30F1) 14A3  0001010010100011 ( 464)                 ADD   R2 R2 #3
(30F2) 4F1C  0100111100011100 ( 465)                 JSR   MULT
(30F3) 4F75  0100111101110101 ( 466)                 JSR   PRINT
(30F4) 249E  0010010010011110 ( 468)                 LD    R2 ZERO
(30F5) 12A7  0001001010100111 ( 469)                 ADD   R1 R2 #7
(30F6) 14A0  0001010010100000 ( 470)                 ADD   R2 R2 #0
(30F7) 4F17  0100111100010111 ( 471)                 JSR   MULT
(30F8) 4F70  0100111101110000 ( 472)                 JSR   PRINT
(30F9) 2499  0010010010011001 ( 474)                 LD    R2 ZERO
(30FA) 12A0  0001001010100000 ( 475)                 ADD   R1 R2 #0
(30FB) 14A0  0001010010100000 ( 476)                 ADD   R2 R2 #0
(30FC) 4F12  0100111100010010 ( 477)                 JSR   MULT
(30FD) 4F6B  0100111101101011 ( 478)                 JSR   PRINT
(30FE) 4895  0100100010010101 ( 480)                 JSR   PAUSE
(30FF) E078  1110000001111000 ( 483)                 LEA   R0 DIVTEST
(3100) F022  1111000000100010 ( 484)                 TRAP  x22
(3101) 2491  0010010010010001 ( 486)                 LD    R2 ZERO
(3102) 12AB  0001001010101011 ( 487)                 ADD   R1 R2 #11
(3103) 14A4  0001010010100100 ( 488)                 ADD   R2 R2 #4
(3104) 4F23  0100111100100011 ( 489)                 JSR   DIV
(3105) 4F63  0100111101100011 ( 490)                 JSR   PRINT
(3106) 4F58  0100111101011000 ( 491)                 JSR   MOD
(3107) 4F61  0100111101100001 ( 492)                 JSR   PRINT
(3108) E088  1110000010001000 ( 494)                 LEA   R0 BLANK
(3109) F022  1111000000100010 ( 495)                 TRAP  x22
(310A) 2488  0010010010001000 ( 497)                 LD    R2 ZERO
(310B) 12B4  0001001010110100 ( 498)                 ADD   R1 R2 #-12
(310C) 14A4  0001010010100100 ( 499)                 ADD   R2 R2 #4
(310D) 4F1A  0100111100011010 ( 500)                 JSR   DIV
(310E) 4F5A  0100111101011010 ( 501)                 JSR   PRINT
(310F) 4F4F  0100111101001111 ( 502)                 JSR   MOD
(3110) 4F58  0100111101011000 ( 503)                 JSR   PRINT
(3111) E07F  1110000001111111 ( 505)                 LEA   R0 BLANK
(3112) F022  1111000000100010 ( 506)                 TRAP  x22
(3113) 247F  0010010001111111 ( 508)                 LD    R2 ZERO
(3114) 12AD  0001001010101101 ( 509)                 ADD   R1 R2 #13
(3115) 14BE  0001010010111110 ( 510)                 ADD   R2 R2 #-2
(3116) 4F11  0100111100010001 ( 511)                 JSR   DIV
(3117) 4F51  0100111101010001 ( 512)                 JSR   PRINT
(3118) 4F46  0100111101000110 ( 513)                 JSR   MOD
(3119) 4F4F  0100111101001111 ( 514)                 JSR   PRINT
(311A) E076  1110000001110110 ( 516)                 LEA   R0 BLANK
(311B) F022  1111000000100010 ( 517)                 TRAP  x22
(311C) 2476  0010010001110110 ( 519)                 LD    R2 ZERO
(311D) 12B7  0001001010110111 ( 520)                 ADD   R1 R2 #-9
(311E) 14BC  0001010010111100 ( 521)                 ADD   R2 R2 #-4
(311F) 4F08  0100111100001000 ( 522)                 JSR   DIV
(3120) 4F48  0100111101001000 ( 523)                 JSR   PRINT
(3121) 4F3D  0100111100111101 ( 524)                 JSR   MOD
(3122) 4F46  0100111101000110 ( 525)                 JSR   PRINT
(3123) E06D  1110000001101101 ( 527)                 LEA   R0 BLANK
(3124) F022  1111000000100010 ( 528)                 TRAP  x22
(3125) 246D  0010010001101101 ( 530)                 LD    R2 ZERO
(3126) 12A0  0001001010100000 ( 531)                 ADD   R1 R2 #0
(3127) 14A4  0001010010100100 ( 532)                 ADD   R2 R2 #4
(3128) 4EFF  0100111011111111 ( 533)                 JSR   DIV
(3129) 4F3F  0100111100111111 ( 534)                 JSR   PRINT
(312A) 4F34  0100111100110100 ( 535)                 JSR   MOD
(312B) 4F3D  0100111100111101 ( 536)                 JSR   PRINT
(312C) E064  1110000001100100 ( 538)                 LEA   R0 BLANK
(312D) F022  1111000000100010 ( 539)                 TRAP  x22
(312E) 2464  0010010001100100 ( 541)                 LD    R2 ZERO
(312F) 12AB  0001001010101011 ( 542)                 ADD   R1 R2 #11
(3130) 14A0  0001010010100000 ( 543)                 ADD   R2 R2 #0
(3131) 4EF6  0100111011110110 ( 544)                 JSR   DIV
(3132) 4F36  0100111100110110 ( 545)                 JSR   PRINT
(3133) 4F2B  0100111100101011 ( 546)                 JSR   MOD
(3134) 4F34  0100111100110100 ( 547)                 JSR   PRINT
(3135) 485E  0100100001011110 ( 549)                 JSR   PAUSE
(3136) E04D  1110000001001101 ( 552)                 LEA   R0 POWTEST
(3137) F022  1111000000100010 ( 553)                 TRAP  x22
(3138) 245A  0010010001011010 ( 555)                 LD    R2 ZERO
(3139) 12A3  0001001010100011 ( 556)                 ADD   R1 R2 #3
(313A) 14A5  0001010010100101 ( 557)                 ADD   R2 R2 #5
(313B) 4F64  0100111101100100 ( 558)                 JSR   POW
(313C) 4F2C  0100111100101100 ( 559)                 JSR   PRINT
(313D) 4856  0100100001010110 ( 561)                 JSR   PAUSE
(313E) E04B  1110000001001011 ( 564)                 LEA   R0 FACTEST
(313F) F022  1111000000100010 ( 565)                 TRAP  x22
(3140) 2252  0010001001010010 ( 567)                 LD    R1 ZERO
(3141) 1267  0001001001100111 ( 568)                 ADD   R1 R1 #7
(3142) 4F5E  0100111101011110 ( 569)                 JSR   FACT
(3143) 4F25  0100111100100101 ( 570)                 JSR   PRINT
(3144) 484F  0100100001001111 ( 572)                 JSR   PAUSE
(3145) 2E01  0010111000000001 ( 575)                 LD    R7 TESTr7
(3146) C1C0  1100000111000000 ( 576)                 RET   
(3147) 0000  0000000000000000 ( 579) TESTr7          .FILL x0000
(3148) 003D  0000000000111101 ( 580) START           .FILL x003D
(3149) 003D  0000000000111101 ( 580)                 .FILL x003D
(314A) 003D  0000000000111101 ( 580)                 .FILL x003D
(314B) 003D  0000000000111101 ( 580)                 .FILL x003D
(314C) 003D  0000000000111101 ( 580)                 .FILL x003D
(314D) 0020  0000000000100000 ( 580)                 .FILL x0020
(314E) 0053  0000000001010011 ( 580)                 .FILL x0053
(314F) 0054  0000000001010100 ( 580)                 .FILL x0054
(3150) 0041  0000000001000001 ( 580)                 .FILL x0041
(3151) 0052  0000000001010010 ( 580)                 .FILL x0052
(3152) 0054  0000000001010100 ( 580)                 .FILL x0054
(3153) 0020  0000000000100000 ( 580)                 .FILL x0020
(3154) 004F  0000000001001111 ( 580)                 .FILL x004F
(3155) 0046  0000000001000110 ( 580)                 .FILL x0046
(3156) 0020  0000000000100000 ( 580)                 .FILL x0020
(3157) 0054  0000000001010100 ( 580)                 .FILL x0054
(3158) 0045  0000000001000101 ( 580)                 .FILL x0045
(3159) 0053  0000000001010011 ( 580)                 .FILL x0053
(315A) 0054  0000000001010100 ( 580)                 .FILL x0054
(315B) 0053  0000000001010011 ( 580)                 .FILL x0053
(315C) 0020  0000000000100000 ( 580)                 .FILL x0020
(315D) 003D  0000000000111101 ( 580)                 .FILL x003D
(315E) 003D  0000000000111101 ( 580)                 .FILL x003D
(315F) 003D  0000000000111101 ( 580)                 .FILL x003D
(3160) 003D  0000000000111101 ( 580)                 .FILL x003D
(3161) 003D  0000000000111101 ( 580)                 .FILL x003D
(3162) 000A  0000000000001010 ( 580)                 .FILL x000A
(3163) 0000  0000000000000000 ( 580)                 .FILL x0000
(3164) 0050  0000000001010000 ( 581) ADDTEST         .FILL x0050
(3165) 004C  0000000001001100 ( 581)                 .FILL x004C
(3166) 0055  0000000001010101 ( 581)                 .FILL x0055
(3167) 0053  0000000001010011 ( 581)                 .FILL x0053
(3168) 003A  0000000000111010 ( 581)                 .FILL x003A
(3169) 000A  0000000000001010 ( 581)                 .FILL x000A
(316A) 0000  0000000000000000 ( 581)                 .FILL x0000
(316B) 0053  0000000001010011 ( 582) SUBTEST         .FILL x0053
(316C) 0055  0000000001010101 ( 582)                 .FILL x0055
(316D) 0042  0000000001000010 ( 582)                 .FILL x0042
(316E) 003A  0000000000111010 ( 582)                 .FILL x003A
(316F) 000A  0000000000001010 ( 582)                 .FILL x000A
(3170) 0000  0000000000000000 ( 582)                 .FILL x0000
(3171) 004D  0000000001001101 ( 583) MULTEST         .FILL x004D
(3172) 0055  0000000001010101 ( 583)                 .FILL x0055
(3173) 004C  0000000001001100 ( 583)                 .FILL x004C
(3174) 0054  0000000001010100 ( 583)                 .FILL x0054
(3175) 003A  0000000000111010 ( 583)                 .FILL x003A
(3176) 000A  0000000000001010 ( 583)                 .FILL x000A
(3177) 0000  0000000000000000 ( 583)                 .FILL x0000
(3178) 0044  0000000001000100 ( 584) DIVTEST         .FILL x0044
(3179) 0049  0000000001001001 ( 584)                 .FILL x0049
(317A) 0056  0000000001010110 ( 584)                 .FILL x0056
(317B) 0020  0000000000100000 ( 584)                 .FILL x0020
(317C) 0026  0000000000100110 ( 584)                 .FILL x0026
(317D) 0020  0000000000100000 ( 584)                 .FILL x0020
(317E) 004D  0000000001001101 ( 584)                 .FILL x004D
(317F) 004F  0000000001001111 ( 584)                 .FILL x004F
(3180) 0044  0000000001000100 ( 584)                 .FILL x0044
(3181) 003A  0000000000111010 ( 584)                 .FILL x003A
(3182) 000A  0000000000001010 ( 584)                 .FILL x000A
(3183) 0000  0000000000000000 ( 584)                 .FILL x0000
(3184) 0050  0000000001010000 ( 585) POWTEST         .FILL x0050
(3185) 004F  0000000001001111 ( 585)                 .FILL x004F
(3186) 0057  0000000001010111 ( 585)                 .FILL x0057
(3187) 003A  0000000000111010 ( 585)                 .FILL x003A
(3188) 000A  0000000000001010 ( 585)                 .FILL x000A
(3189) 0000  0000000000000000 ( 585)                 .FILL x0000
(318A) 0046  0000000001000110 ( 586) FACTEST         .FILL x0046
(318B) 0041  0000000001000001 ( 586)                 .FILL x0041
(318C) 0043  0000000001000011 ( 586)                 .FILL x0043
(318D) 0054  0000000001010100 ( 586)                 .FILL x0054
(318E) 003A  0000000000111010 ( 586)                 .FILL x003A
(318F) 000A  0000000000001010 ( 586)                 .FILL x000A
(3190) 0000  0000000000000000 ( 586)                 .FILL x0000
(3191) 000A  0000000000001010 ( 587) BLANK           .FILL x000A
(3192) 0000  0000000000000000 ( 587)                 .FILL x0000
(3193) 0000  0000000000000000 ( 588) ZERO            .FILL x0000
(3194) 3007  0011000000000111 ( 593) PAUSE           ST    R0 PAUSEr0
(3195) 3E07  0011111000000111 ( 594)                 ST    R7 PAUSEr7
(3196) E007  1110000000000111 ( 595)                 LEA   R0 CONTMSG
(3197) F022  1111000000100010 ( 596)                 TRAP  x22
(3198) F020  1111000000100000 ( 597)                 TRAP  x20
(3199) 2E03  0010111000000011 ( 598)                 LD    R7 PAUSEr7
(319A) 2001  0010000000000001 ( 599)                 LD    R0 PAUSEr0
(319B) C1C0  1100000111000000 ( 600)                 RET   
(319C) 0000  0000000000000000 ( 602) PAUSEr0         .FILL x0000
(319D) 0000  0000000000000000 ( 603) PAUSEr7         .FILL x0000
(319E) 002D  0000000000101101 ( 604) CONTMSG         .FILL x002D
(319F) 002D  0000000000101101 ( 604)                 .FILL x002D
(31A0) 002D  0000000000101101 ( 604)                 .FILL x002D
(31A1) 002D  0000000000101101 ( 604)                 .FILL x002D
(31A2) 002D  0000000000101101 ( 604)                 .FILL x002D
(31A3) 0020  0000000000100000 ( 604)                 .FILL x0020
(31A4) 0050  0000000001010000 ( 604)                 .FILL x0050
(31A5) 0072  0000000001110010 ( 604)                 .FILL x0072
(31A6) 0065  0000000001100101 ( 604)                 .FILL x0065
(31A7) 0073  0000000001110011 ( 604)                 .FILL x0073
(31A8) 0073  0000000001110011 ( 604)                 .FILL x0073
(31A9) 0020  0000000000100000 ( 604)                 .FILL x0020
(31AA) 005B  0000000001011011 ( 604)                 .FILL x005B
(31AB) 0053  0000000001010011 ( 604)                 .FILL x0053
(31AC) 0050  0000000001010000 ( 604)                 .FILL x0050
(31AD) 0041  0000000001000001 ( 604)                 .FILL x0041
(31AE) 0043  0000000001000011 ( 604)                 .FILL x0043
(31AF) 0045  0000000001000101 ( 604)                 .FILL x0045
(31B0) 005D  0000000001011101 ( 604)                 .FILL x005D
(31B1) 0020  0000000000100000 ( 604)                 .FILL x0020
(31B2) 0066  0000000001100110 ( 604)                 .FILL x0066
(31B3) 006F  0000000001101111 ( 604)                 .FILL x006F
(31B4) 0072  0000000001110010 ( 604)                 .FILL x0072
(31B5) 0020  0000000000100000 ( 604)                 .FILL x0020
(31B6) 0074  0000000001110100 ( 604)                 .FILL x0074
(31B7) 0068  0000000001101000 ( 604)                 .FILL x0068
(31B8) 0065  0000000001100101 ( 604)                 .FILL x0065
(31B9) 0020  0000000000100000 ( 604)                 .FILL x0020
(31BA) 006E  0000000001101110 ( 604)                 .FILL x006E
(31BB) 0065  0000000001100101 ( 604)                 .FILL x0065
(31BC) 0078  0000000001111000 ( 604)                 .FILL x0078
(31BD) 0074  0000000001110100 ( 604)                 .FILL x0074
(31BE) 0020  0000000000100000 ( 604)                 .FILL x0020
(31BF) 0074  0000000001110100 ( 604)                 .FILL x0074
(31C0) 0065  0000000001100101 ( 604)                 .FILL x0065
(31C1) 0073  0000000001110011 ( 604)                 .FILL x0073
(31C2) 0074  0000000001110100 ( 604)                 .FILL x0074
(31C3) 0020  0000000000100000 ( 604)                 .FILL x0020
(31C4) 002D  0000000000101101 ( 604)                 .FILL x002D
(31C5) 002D  0000000000101101 ( 604)                 .FILL x002D
(31C6) 002D  0000000000101101 ( 604)                 .FILL x002D
(31C7) 002D  0000000000101101 ( 604)                 .FILL x002D
(31C8) 002D  0000000000101101 ( 604)                 .FILL x002D
(31C9) 000A  0000000000001010 ( 604)                 .FILL x000A
(31CA) 0000  0000000000000000 ( 604)                 .FILL x0000
(31CB) E005  1110000000000101 ( 609) STOP            LEA   R0 END
(31CC) F022  1111000000100010 ( 610)                 TRAP  x22
(31CD) 5020  0101000000100000 ( 611)                 AND   R0 R0 #0
(31CE) 2201  0010001000000001 ( 612)                 LD    R1 STATUS
(31CF) 7040  0111000001000000 ( 613)                 STR   R0 R1 #0
(31D0) FFFE  1111111111111110 ( 615) STATUS          .FILL xFFFE
(31D1) 003D  0000000000111101 ( 616) END             .FILL x003D
(31D2) 003D  0000000000111101 ( 616)                 .FILL x003D
(31D3) 003D  0000000000111101 ( 616)                 .FILL x003D
(31D4) 003D  0000000000111101 ( 616)                 .FILL x003D
(31D5) 003D  0000000000111101 ( 616)                 .FILL x003D
(31D6) 003D  0000000000111101 ( 616)                 .FILL x003D
(31D7) 0020  0000000000100000 ( 616)                 .FILL x0020
(31D8) 0045  0000000001000101 ( 616)                 .FILL x0045
(31D9) 004E  0000000001001110 ( 616)                 .FILL x004E
(31DA) 0044  0000000001000100 ( 616)                 .FILL x0044
(31DB) 0020  0000000000100000 ( 616)                 .FILL x0020
(31DC) 004F  0000000001001111 ( 616)                 .FILL x004F
(31DD) 0046  0000000001000110 ( 616)                 .FILL x0046
(31DE) 0020  0000000000100000 ( 616)                 .FILL x0020
(31DF) 0054  0000000001010100 ( 616)                 .FILL x0054
(31E0) 0045  0000000001000101 ( 616)                 .FILL x0045
(31E1) 0053  0000000001010011 ( 616)                 .FILL x0053
(31E2) 0054  0000000001010100 ( 616)                 .FILL x0054
(31E3) 0053  0000000001010011 ( 616)                 .FILL x0053
(31E4) 0020  0000000000100000 ( 616)                 .FILL x0020
(31E5) 003D  0000000000111101 ( 616)                 .FILL x003D
(31E6) 003D  0000000000111101 ( 616)                 .FILL x003D
(31E7) 003D  0000000000111101 ( 616)                 .FILL x003D
(31E8) 003D  0000000000111101 ( 616)                 .FILL x003D
(31E9) 003D  0000000000111101 ( 616)                 .FILL x003D
(31EA) 003D  0000000000111101 ( 616)                 .FILL x003D
(31EB) 000A  0000000000001010 ( 616)                 .FILL x000A
(31EC) 0000  0000000000000000 ( 616)                 .FILL x0000
