(0000) D000  1101000000000000 (   1)                 .ORIG xD000
(D000) 2020  0010000000100000 (   5) INIT            LD    R0 ESCAPE
(D001) 903F  1001000000111111 (   6)                 NOT   R0 R0
(D002) 1021  0001000000100001 (   7)                 ADD   R0 R0 #1
(D003) 301D  0011000000011101 (   8)                 ST    R0 ESCAPE
(D004) 201D  0010000000011101 (  10)                 LD    R0 BACKSP
(D005) 903F  1001000000111111 (  11)                 NOT   R0 R0
(D006) 1021  0001000000100001 (  12)                 ADD   R0 R0 #1
(D007) 301A  0011000000011010 (  13)                 ST    R0 BACKSP
(D008) 201A  0010000000011010 (  15)                 LD    R0 NEWLINE
(D009) 903F  1001000000111111 (  16)                 NOT   R0 R0
(D00A) 1021  0001000000100001 (  17)                 ADD   R0 R0 #1
(D00B) 3017  0011000000010111 (  18)                 ST    R0 NEWLINE
(D00C) 2017  0010000000010111 (  22) POMPT           LD    R0 CARET
(D00D) F021  1111000000100001 (  23)                 TRAP  x21
(D00E) F020  1111000000100000 (  25) GETCHAR         TRAP  x20
(D00F) 2211  0010001000010001 (  28) ISESC           LD    R1 ESCAPE
(D010) 1201  0001001000000001 (  29)                 ADD   R1 R0 R1
(D011) 040E  0000010000001110 (  30)                 BRZ   QUIT
(D012) 220F  0010001000001111 (  33) ISBKSP          LD    R1 BACKSP
(D013) 1201  0001001000000001 (  34)                 ADD   R1 R0 R1
(D014) 0409  0000010000001001 (  35)                 BRZ   POPCHAR
(D015) F021  1111000000100001 (  38) ECHO            TRAP  x21
(D016) 220C  0010001000001100 (  41) ISEOL           LD    R1 NEWLINE
(D017) 1201  0001001000000001 (  42)                 ADD   R1 R0 R1
(D018) 0403  0000010000000011 (  43)                 BRZ   PRINT
(D019) 2221  0010001000100001 (  46) APPEND          LD    R1 TOOFAR
(D01A) 1201  0001001000000001 (  47)                 ADD   R1 R0 R1
(D01B) 0403  0000010000000011 (  48)                 BRZ   ERROR
(D01C) 0000  0000000000000000 (  51) PRINT           BRNOP xD01D
(D01D) 0000  0000000000000000 (  53) CLEAR           BRNOP xD01E
(D01E) 0000  0000000000000000 (  55) POPCHAR         BRNOP xD01F
(D01F) 0000  0000000000000000 (  57) ERROR           BRNOP xD020
(D020) 0000  0000000000000000 (  59) QUIT            BRNOP xD021
(D021) 001B  0000000000011011 (  64) ESCAPE          .FILL x001B
(D022) 0008  0000000000001000 (  65) BACKSP          .FILL x0008
(D023) 000A  0000000000001010 (  66) NEWLINE         .FILL x000A
(D024) 003E  0000000000111110 (  67) CARET           .FILL x003E
(D025) 0000  0000000000000000 (  68) NULL            .FILL x0000
(D026) 000A  0000000000001010 (  69) ERRMSG          .FILL x000A
(D027) 000A  0000000000001010 (  69)                 .FILL x000A
(D028) 0045  0000000001000101 (  69)                 .FILL x0045
(D029) 0072  0000000001110010 (  69)                 .FILL x0072
(D02A) 0072  0000000001110010 (  69)                 .FILL x0072
(D02B) 006F  0000000001101111 (  69)                 .FILL x006F
(D02C) 0072  0000000001110010 (  69)                 .FILL x0072
(D02D) 000A  0000000000001010 (  69)                 .FILL x000A
(D02E) 0000  0000000000000000 (  69)                 .FILL x0000
(D02F) D031  1101000000110001 (  72) POINTER         .FILL xD031
(D030) 0000  0000000000000000 (  73) TOSOON          .FILL x0000
(D031) 0000  0000000000000000 (  75) STRING          .FILL x0000
(D032) 0000  0000000000000000 (  75)                 .FILL x0000
(D033) 0000  0000000000000000 (  75)                 .FILL x0000
(D034) 0000  0000000000000000 (  75)                 .FILL x0000
(D035) 0000  0000000000000000 (  75)                 .FILL x0000
(D036) 0000  0000000000000000 (  75)                 .FILL x0000
(D037) 0000  0000000000000000 (  75)                 .FILL x0000
(D038) 0000  0000000000000000 (  75)                 .FILL x0000
(D039) 0000  0000000000000000 (  75)                 .FILL x0000
(D03A) 0000  0000000000000000 (  75)                 .FILL x0000
(D03B) 0000  0000000000000000 (  75) TOOFAR          .FILL x0000
